<?xml version="1.0" encoding="UTF-8"?>
<!-- Generated by org.testng.reporters.JUnitReportReporter -->
<testsuite hostname="LAP-WDR-L-1037" failures="0" tests="1" name="testRobotClass.RobotClassTest" time="17.712" errors="0" timestamp="14 Apr 2020 06:43:03 GMT" skipped="0">
  <testcase classname="testRobotClass.RobotClassTest" name="robotClassPrctice" time="17.712"/>
</testsuite> <!-- testRobotClass.RobotClassTest -->
