<?xml version="1.0" encoding="UTF-8"?>
<!-- Generated by org.testng.reporters.JUnitReportReporter -->
<testsuite hostname="LAP-WDR-L-1037" failures="0" tests="1" name="Com.TestAutoIt.FileUpload" time="24.491" errors="0" timestamp="13 Apr 2020 11:37:50 GMT" skipped="0">
  <testcase classname="Com.TestAutoIt.FileUpload" name="autoItFileUpload" time="24.491"/>
</testsuite> <!-- Com.TestAutoIt.FileUpload -->
